2025-08-22 09:51:53 - INFO - Starting download from Hugging Face for dataset: aai510-group1/telco-customer-churn
2025-08-22 09:51:53 - INFO - Fetched 100 rows (Total so far: 100)
2025-08-22 09:51:54 - INFO - Fetched 100 rows (Total so far: 200)
2025-08-22 09:51:54 - INFO - Fetched 100 rows (Total so far: 300)
2025-08-22 09:51:54 - INFO - Fetched 100 rows (Total so far: 400)
2025-08-22 09:51:55 - INFO - Fetched 100 rows (Total so far: 500)
2025-08-22 09:51:56 - INFO - Fetched 100 rows (Total so far: 600)
2025-08-22 09:51:57 - INFO - Fetched 100 rows (Total so far: 700)
2025-08-22 09:52:04 - INFO - Fetched 100 rows (Total so far: 800)
2025-08-22 09:52:04 - INFO - Fetched 100 rows (Total so far: 900)
2025-08-22 09:52:04 - INFO - Fetched 100 rows (Total so far: 1000)
2025-08-22 09:52:05 - INFO - Fetched 100 rows (Total so far: 1100)
2025-08-22 09:52:05 - INFO - Fetched 100 rows (Total so far: 1200)
2025-08-22 09:52:06 - INFO - Fetched 100 rows (Total so far: 1300)
2025-08-22 09:52:06 - INFO - Fetched 100 rows (Total so far: 1400)
2025-08-22 09:52:06 - INFO - Fetched 100 rows (Total so far: 1500)
2025-08-22 09:52:07 - INFO - Fetched 100 rows (Total so far: 1600)
2025-08-22 09:52:07 - INFO - Fetched 100 rows (Total so far: 1700)
2025-08-22 09:52:08 - INFO - Fetched 100 rows (Total so far: 1800)
2025-08-22 09:52:08 - INFO - Fetched 100 rows (Total so far: 1900)
2025-08-22 09:52:09 - INFO - Fetched 100 rows (Total so far: 2000)
2025-08-22 09:52:09 - INFO - Fetched 100 rows (Total so far: 2100)
2025-08-22 09:52:10 - INFO - Fetched 100 rows (Total so far: 2200)
2025-08-22 09:52:10 - INFO - Fetched 100 rows (Total so far: 2300)
2025-08-22 09:52:10 - INFO - Fetched 100 rows (Total so far: 2400)
2025-08-22 09:52:11 - INFO - Fetched 100 rows (Total so far: 2500)
2025-08-22 09:52:11 - INFO - Fetched 100 rows (Total so far: 2600)
2025-08-22 09:52:12 - INFO - Fetched 100 rows (Total so far: 2700)
2025-08-22 09:52:12 - INFO - Fetched 100 rows (Total so far: 2800)
2025-08-22 09:52:13 - INFO - Fetched 100 rows (Total so far: 2900)
2025-08-22 09:52:13 - INFO - Fetched 100 rows (Total so far: 3000)
2025-08-22 09:52:14 - INFO - Fetched 100 rows (Total so far: 3100)
2025-08-22 09:52:14 - INFO - Fetched 100 rows (Total so far: 3200)
2025-08-22 09:52:15 - INFO - Fetched 100 rows (Total so far: 3300)
2025-08-22 09:52:16 - INFO - Fetched 100 rows (Total so far: 3400)
2025-08-22 09:52:16 - INFO - Fetched 100 rows (Total so far: 3500)
2025-08-22 09:52:17 - INFO - Fetched 100 rows (Total so far: 3600)
2025-08-22 09:52:17 - INFO - Fetched 100 rows (Total so far: 3700)
2025-08-22 09:52:18 - INFO - Fetched 100 rows (Total so far: 3800)
2025-08-22 09:52:18 - INFO - Fetched 100 rows (Total so far: 3900)
2025-08-22 09:52:19 - INFO - Fetched 100 rows (Total so far: 4000)
2025-08-22 09:52:19 - INFO - Fetched 100 rows (Total so far: 4100)
2025-08-22 09:52:20 - INFO - Fetched 100 rows (Total so far: 4200)
2025-08-22 09:52:20 - INFO - Fetched 25 rows (Total so far: 4225)
2025-08-22 09:52:21 - INFO - No more rows to fetch.
2025-08-22 09:52:21 - INFO - Saved 4225 rows to 'C:\Users\adity\Mtech\DMML\DMML_Assignment\customer_churn_pipeline\data\raw_data_from_API\telco_customer_churn.csv'
2025-08-22 22:26:16 - INFO - Starting download from Hugging Face for dataset: aai510-group1/telco-customer-churn
2025-08-22 22:26:16 - INFO - Fetched 100 rows (Total so far: 100)
2025-08-22 22:26:17 - INFO - Fetched 100 rows (Total so far: 200)
2025-08-22 22:26:17 - INFO - Fetched 100 rows (Total so far: 300)
2025-08-22 22:26:18 - INFO - Fetched 100 rows (Total so far: 400)
2025-08-22 22:26:19 - INFO - Fetched 100 rows (Total so far: 500)
2025-08-22 22:26:19 - INFO - Fetched 100 rows (Total so far: 600)
2025-08-22 22:26:20 - INFO - Fetched 100 rows (Total so far: 700)
2025-08-22 22:26:20 - INFO - Fetched 100 rows (Total so far: 800)
2025-08-22 22:26:20 - INFO - Fetched 100 rows (Total so far: 900)
2025-08-22 22:26:21 - INFO - Fetched 100 rows (Total so far: 1000)
2025-08-22 22:26:21 - INFO - Fetched 100 rows (Total so far: 1100)
2025-08-22 22:26:22 - INFO - Fetched 100 rows (Total so far: 1200)
2025-08-22 22:26:23 - INFO - Fetched 100 rows (Total so far: 1300)
2025-08-22 22:26:23 - INFO - Fetched 100 rows (Total so far: 1400)
2025-08-22 22:26:24 - INFO - Fetched 100 rows (Total so far: 1500)
2025-08-22 22:26:25 - INFO - Fetched 100 rows (Total so far: 1600)
2025-08-22 22:26:25 - INFO - Fetched 100 rows (Total so far: 1700)
2025-08-22 22:26:26 - INFO - Fetched 100 rows (Total so far: 1800)
2025-08-22 22:26:26 - INFO - Fetched 100 rows (Total so far: 1900)
2025-08-22 22:26:27 - INFO - Fetched 100 rows (Total so far: 2000)
2025-08-22 22:26:27 - INFO - Fetched 100 rows (Total so far: 2100)
2025-08-22 22:26:27 - INFO - Fetched 100 rows (Total so far: 2200)
2025-08-22 22:26:28 - INFO - Fetched 100 rows (Total so far: 2300)
2025-08-22 22:26:28 - INFO - Fetched 100 rows (Total so far: 2400)
2025-08-22 22:26:29 - INFO - Fetched 100 rows (Total so far: 2500)
2025-08-22 22:26:31 - INFO - Fetched 100 rows (Total so far: 2600)
2025-08-22 22:26:31 - INFO - Fetched 100 rows (Total so far: 2700)
2025-08-22 22:26:31 - INFO - Fetched 100 rows (Total so far: 2800)
2025-08-22 22:26:32 - INFO - Fetched 100 rows (Total so far: 2900)
2025-08-22 22:26:33 - INFO - Fetched 100 rows (Total so far: 3000)
2025-08-22 22:26:33 - INFO - Fetched 100 rows (Total so far: 3100)
2025-08-22 22:26:34 - INFO - Fetched 100 rows (Total so far: 3200)
2025-08-22 22:26:34 - INFO - Fetched 100 rows (Total so far: 3300)
2025-08-22 22:26:34 - INFO - Fetched 100 rows (Total so far: 3400)
2025-08-22 22:26:35 - INFO - Fetched 100 rows (Total so far: 3500)
2025-08-22 22:26:35 - INFO - Fetched 100 rows (Total so far: 3600)
2025-08-22 22:26:36 - INFO - Fetched 100 rows (Total so far: 3700)
2025-08-22 22:26:36 - INFO - Fetched 100 rows (Total so far: 3800)
2025-08-22 22:26:36 - INFO - Fetched 100 rows (Total so far: 3900)
2025-08-22 22:26:37 - INFO - Fetched 100 rows (Total so far: 4000)
2025-08-22 22:26:37 - INFO - Fetched 100 rows (Total so far: 4100)
2025-08-22 22:26:37 - INFO - Fetched 100 rows (Total so far: 4200)
2025-08-22 22:26:38 - INFO - Fetched 25 rows (Total so far: 4225)
2025-08-22 22:26:39 - INFO - No more rows to fetch.
2025-08-22 22:26:39 - INFO - Saved 4225 rows to 'C:\Users\adity\Mtech\DMML\DMML_Assignment\customer_churn_pipeline\data\raw_data_from_API\telco_customer_churn.csv'
2025-08-22 23:25:16 - INFO - Starting download from Hugging Face for dataset: aai510-group1/telco-customer-churn
2025-08-22 23:25:16 - INFO - Fetched 100 rows (Total so far: 100)
2025-08-22 23:25:17 - INFO - Fetched 100 rows (Total so far: 200)
2025-08-22 23:25:17 - INFO - Fetched 100 rows (Total so far: 300)
2025-08-22 23:25:18 - INFO - Fetched 100 rows (Total so far: 400)
2025-08-22 23:25:18 - INFO - Fetched 100 rows (Total so far: 500)
2025-08-22 23:25:19 - INFO - Fetched 100 rows (Total so far: 600)
2025-08-22 23:25:19 - INFO - Fetched 100 rows (Total so far: 700)
2025-08-22 23:25:19 - INFO - Fetched 100 rows (Total so far: 800)
2025-08-22 23:25:20 - INFO - Fetched 100 rows (Total so far: 900)
2025-08-22 23:25:20 - INFO - Fetched 100 rows (Total so far: 1000)
2025-08-22 23:25:21 - INFO - Fetched 100 rows (Total so far: 1100)
2025-08-22 23:25:22 - INFO - Fetched 100 rows (Total so far: 1200)
2025-08-22 23:25:22 - INFO - Fetched 100 rows (Total so far: 1300)
2025-08-22 23:25:23 - INFO - Fetched 100 rows (Total so far: 1400)
2025-08-22 23:25:28 - INFO - Fetched 100 rows (Total so far: 1500)
2025-08-22 23:25:29 - INFO - Fetched 100 rows (Total so far: 1600)
2025-08-22 23:25:29 - INFO - Fetched 100 rows (Total so far: 1700)
2025-08-22 23:25:29 - INFO - Fetched 100 rows (Total so far: 1800)
2025-08-22 23:25:30 - INFO - Fetched 100 rows (Total so far: 1900)
2025-08-22 23:25:31 - INFO - Fetched 100 rows (Total so far: 2000)
2025-08-22 23:25:31 - INFO - Fetched 100 rows (Total so far: 2100)
2025-08-22 23:25:32 - INFO - Fetched 100 rows (Total so far: 2200)
2025-08-22 23:25:32 - INFO - Fetched 100 rows (Total so far: 2300)
2025-08-22 23:25:32 - INFO - Fetched 100 rows (Total so far: 2400)
2025-08-22 23:25:33 - INFO - Fetched 100 rows (Total so far: 2500)
2025-08-22 23:25:33 - INFO - Fetched 100 rows (Total so far: 2600)
2025-08-22 23:25:34 - INFO - Fetched 100 rows (Total so far: 2700)
2025-08-22 23:25:34 - INFO - Fetched 100 rows (Total so far: 2800)
2025-08-22 23:25:34 - INFO - Fetched 100 rows (Total so far: 2900)
2025-08-22 23:25:35 - INFO - Fetched 100 rows (Total so far: 3000)
2025-08-22 23:25:35 - INFO - Fetched 100 rows (Total so far: 3100)
2025-08-22 23:25:36 - INFO - Fetched 100 rows (Total so far: 3200)
2025-08-22 23:25:36 - INFO - Fetched 100 rows (Total so far: 3300)
2025-08-22 23:25:36 - INFO - Fetched 100 rows (Total so far: 3400)
2025-08-22 23:25:37 - INFO - Fetched 100 rows (Total so far: 3500)
2025-08-22 23:25:38 - INFO - Fetched 100 rows (Total so far: 3600)
2025-08-22 23:25:39 - INFO - Fetched 100 rows (Total so far: 3700)
2025-08-22 23:25:39 - INFO - Fetched 100 rows (Total so far: 3800)
2025-08-22 23:25:39 - INFO - Fetched 100 rows (Total so far: 3900)
2025-08-22 23:25:40 - INFO - Fetched 100 rows (Total so far: 4000)
2025-08-22 23:25:40 - INFO - Fetched 100 rows (Total so far: 4100)
2025-08-22 23:25:41 - INFO - Fetched 100 rows (Total so far: 4200)
2025-08-22 23:25:42 - INFO - Fetched 25 rows (Total so far: 4225)
2025-08-22 23:25:42 - INFO - No more rows to fetch.
2025-08-22 23:25:42 - INFO - Saved 4225 rows to 'C:\Users\adity\Mtech\DMML\DMML_Assignment\customer_churn_pipeline\data\raw_data_from_API\telco_customer_churn.csv'
2025-08-23 00:08:53 - INFO - Starting download from Hugging Face for dataset: aai510-group1/telco-customer-churn
2025-08-23 00:08:54 - INFO - Fetched 100 rows (Total so far: 100)
2025-08-23 00:08:54 - INFO - Fetched 100 rows (Total so far: 200)
2025-08-23 00:08:55 - INFO - Fetched 100 rows (Total so far: 300)
2025-08-23 00:08:55 - INFO - Fetched 100 rows (Total so far: 400)
2025-08-23 00:08:56 - INFO - Fetched 100 rows (Total so far: 500)
2025-08-23 00:08:57 - INFO - Fetched 100 rows (Total so far: 600)
2025-08-23 00:08:57 - INFO - Fetched 100 rows (Total so far: 700)
2025-08-23 00:08:58 - INFO - Fetched 100 rows (Total so far: 800)
2025-08-23 00:08:58 - INFO - Fetched 100 rows (Total so far: 900)
2025-08-23 00:08:59 - INFO - Fetched 100 rows (Total so far: 1000)
2025-08-23 00:09:00 - INFO - Fetched 100 rows (Total so far: 1100)
2025-08-23 00:09:01 - INFO - Fetched 100 rows (Total so far: 1200)
2025-08-23 00:09:01 - INFO - Fetched 100 rows (Total so far: 1300)
2025-08-23 00:09:20 - INFO - Fetched 100 rows (Total so far: 1400)
2025-08-23 00:09:21 - INFO - Fetched 100 rows (Total so far: 1500)
2025-08-23 00:09:21 - INFO - Fetched 100 rows (Total so far: 1600)
2025-08-23 00:09:22 - INFO - Fetched 100 rows (Total so far: 1700)
2025-08-23 00:09:22 - INFO - Fetched 100 rows (Total so far: 1800)
2025-08-23 00:09:26 - INFO - Fetched 100 rows (Total so far: 1900)
2025-08-23 00:09:27 - INFO - Fetched 100 rows (Total so far: 2000)
2025-08-23 00:09:28 - INFO - Fetched 100 rows (Total so far: 2100)
2025-08-23 00:09:28 - INFO - Fetched 100 rows (Total so far: 2200)
2025-08-23 00:09:36 - INFO - Fetched 100 rows (Total so far: 2300)
2025-08-23 00:09:36 - INFO - Fetched 100 rows (Total so far: 2400)
2025-08-23 00:09:37 - INFO - Fetched 100 rows (Total so far: 2500)
2025-08-23 00:09:37 - INFO - Fetched 100 rows (Total so far: 2600)
2025-08-23 00:09:40 - INFO - Fetched 100 rows (Total so far: 2700)
2025-08-23 00:09:42 - INFO - Fetched 100 rows (Total so far: 2800)
2025-08-23 00:09:42 - INFO - Fetched 100 rows (Total so far: 2900)
2025-08-23 00:09:45 - INFO - Fetched 100 rows (Total so far: 3000)
2025-08-23 00:09:45 - INFO - Fetched 100 rows (Total so far: 3100)
2025-08-23 00:09:46 - INFO - Fetched 100 rows (Total so far: 3200)
2025-08-23 00:09:50 - INFO - Fetched 100 rows (Total so far: 3300)
2025-08-23 00:09:51 - INFO - Fetched 100 rows (Total so far: 3400)
2025-08-23 00:09:51 - INFO - Fetched 100 rows (Total so far: 3500)
2025-08-23 00:10:03 - INFO - Fetched 100 rows (Total so far: 3600)
2025-08-23 00:10:03 - ERROR - HTTP error at offset 3600: 429 Client Error: Too Many Requests for url: https://datasets-server.huggingface.co/rows?dataset=aai510-group1%2Ftelco-customer-churn&config=default&split=train&offset=3600&length=100
2025-08-23 00:10:03 - INFO - Saved 3600 rows to 'C:\Users\adity\Mtech\DMML\DMML_Assignment\customer_churn_pipeline\data\raw_data_from_API\telco_customer_churn.csv'
2025-08-23 13:28:46 - INFO - Starting download from Hugging Face for dataset: aai510-group1/telco-customer-churn
2025-08-23 13:28:46 - INFO - Fetched 100 rows (Total so far: 100)
2025-08-23 13:28:48 - INFO - Fetched 100 rows (Total so far: 200)
2025-08-23 13:28:48 - INFO - Fetched 100 rows (Total so far: 300)
2025-08-23 13:29:03 - INFO - Fetched 100 rows (Total so far: 400)
2025-08-23 13:29:04 - INFO - Fetched 100 rows (Total so far: 500)
2025-08-23 13:29:04 - INFO - Fetched 100 rows (Total so far: 600)
2025-08-23 13:29:04 - INFO - Fetched 100 rows (Total so far: 700)
2025-08-23 13:29:05 - INFO - Fetched 100 rows (Total so far: 800)
2025-08-23 13:29:06 - INFO - Fetched 100 rows (Total so far: 900)
2025-08-23 13:29:06 - INFO - Fetched 100 rows (Total so far: 1000)
2025-08-23 13:29:06 - INFO - Fetched 100 rows (Total so far: 1100)
2025-08-23 13:29:07 - INFO - Fetched 100 rows (Total so far: 1200)
2025-08-23 13:29:07 - INFO - Fetched 100 rows (Total so far: 1300)
2025-08-23 13:29:08 - INFO - Fetched 100 rows (Total so far: 1400)
2025-08-23 13:29:08 - INFO - Fetched 100 rows (Total so far: 1500)
2025-08-23 13:29:09 - INFO - Fetched 100 rows (Total so far: 1600)
2025-08-23 13:29:09 - INFO - Fetched 100 rows (Total so far: 1700)
2025-08-23 13:29:10 - INFO - Fetched 100 rows (Total so far: 1800)
2025-08-23 13:29:10 - INFO - Fetched 100 rows (Total so far: 1900)
2025-08-23 13:29:11 - INFO - Fetched 100 rows (Total so far: 2000)
2025-08-23 13:29:11 - INFO - Fetched 100 rows (Total so far: 2100)
2025-08-23 13:29:12 - INFO - Fetched 100 rows (Total so far: 2200)
2025-08-23 13:29:13 - INFO - Fetched 100 rows (Total so far: 2300)
2025-08-23 13:29:13 - INFO - Fetched 100 rows (Total so far: 2400)
2025-08-23 13:29:14 - INFO - Fetched 100 rows (Total so far: 2500)
2025-08-23 13:29:14 - INFO - Fetched 100 rows (Total so far: 2600)
2025-08-23 13:29:15 - INFO - Fetched 100 rows (Total so far: 2700)
2025-08-23 13:29:15 - INFO - Fetched 100 rows (Total so far: 2800)
2025-08-23 13:29:16 - INFO - Fetched 100 rows (Total so far: 2900)
2025-08-23 13:29:16 - INFO - Fetched 100 rows (Total so far: 3000)
2025-08-23 13:29:17 - INFO - Fetched 100 rows (Total so far: 3100)
2025-08-23 13:29:17 - INFO - Fetched 100 rows (Total so far: 3200)
2025-08-23 13:29:18 - INFO - Fetched 100 rows (Total so far: 3300)
2025-08-23 13:29:18 - INFO - Fetched 100 rows (Total so far: 3400)
2025-08-23 13:29:19 - INFO - Fetched 100 rows (Total so far: 3500)
2025-08-23 13:29:19 - INFO - Fetched 100 rows (Total so far: 3600)
2025-08-23 13:29:20 - INFO - Fetched 100 rows (Total so far: 3700)
2025-08-23 13:29:20 - INFO - Fetched 100 rows (Total so far: 3800)
2025-08-23 13:29:21 - INFO - Fetched 100 rows (Total so far: 3900)
2025-08-23 13:29:21 - INFO - Fetched 100 rows (Total so far: 4000)
2025-08-23 13:29:21 - INFO - Fetched 100 rows (Total so far: 4100)
2025-08-23 13:29:22 - INFO - Fetched 100 rows (Total so far: 4200)
2025-08-23 13:29:22 - INFO - Fetched 25 rows (Total so far: 4225)
2025-08-23 13:29:23 - INFO - No more rows to fetch.
2025-08-23 13:29:23 - INFO - Saved 4225 rows to 'C:\Users\adity\Mtech\DMML\DMML_Assignment\customer_churn_pipeline\data\raw_data_from_API\telco_customer_churn.csv'
2025-08-23 13:33:23 - INFO - Starting download from Hugging Face for dataset: aai510-group1/telco-customer-churn
2025-08-23 13:33:23 - INFO - Fetched 100 rows (Total so far: 100)
2025-08-23 13:33:24 - INFO - Fetched 100 rows (Total so far: 200)
2025-08-23 13:33:24 - INFO - Fetched 100 rows (Total so far: 300)
2025-08-23 13:33:24 - INFO - Fetched 100 rows (Total so far: 400)
2025-08-23 13:33:25 - INFO - Fetched 100 rows (Total so far: 500)
2025-08-23 13:33:25 - INFO - Fetched 100 rows (Total so far: 600)
2025-08-23 13:33:26 - INFO - Fetched 100 rows (Total so far: 700)
2025-08-23 13:33:26 - INFO - Fetched 100 rows (Total so far: 800)
2025-08-23 13:33:27 - INFO - Fetched 100 rows (Total so far: 900)
2025-08-23 13:33:27 - INFO - Fetched 100 rows (Total so far: 1000)
2025-08-23 13:33:27 - INFO - Fetched 100 rows (Total so far: 1100)
2025-08-23 13:33:28 - INFO - Fetched 100 rows (Total so far: 1200)
2025-08-23 13:33:28 - INFO - Fetched 100 rows (Total so far: 1300)
2025-08-23 13:33:29 - INFO - Fetched 100 rows (Total so far: 1400)
2025-08-23 13:33:31 - INFO - Fetched 100 rows (Total so far: 1500)
2025-08-23 13:33:31 - INFO - Fetched 100 rows (Total so far: 1600)
2025-08-23 13:33:33 - INFO - Fetched 100 rows (Total so far: 1700)
2025-08-23 13:33:34 - INFO - Fetched 100 rows (Total so far: 1800)
2025-08-23 13:33:34 - INFO - Fetched 100 rows (Total so far: 1900)
2025-08-23 13:33:35 - INFO - Fetched 100 rows (Total so far: 2000)
2025-08-23 13:33:35 - INFO - Fetched 100 rows (Total so far: 2100)
2025-08-23 13:33:35 - INFO - Fetched 100 rows (Total so far: 2200)
2025-08-23 13:33:36 - INFO - Fetched 100 rows (Total so far: 2300)
2025-08-23 13:33:36 - INFO - Fetched 100 rows (Total so far: 2400)
2025-08-23 13:33:37 - INFO - Fetched 100 rows (Total so far: 2500)
2025-08-23 13:33:37 - INFO - Fetched 100 rows (Total so far: 2600)
2025-08-23 13:33:38 - INFO - Fetched 100 rows (Total so far: 2700)
2025-08-23 13:33:38 - INFO - Fetched 100 rows (Total so far: 2800)
2025-08-23 13:33:38 - INFO - Fetched 100 rows (Total so far: 2900)
2025-08-23 13:33:39 - INFO - Fetched 100 rows (Total so far: 3000)
2025-08-23 13:33:39 - INFO - Fetched 100 rows (Total so far: 3100)
2025-08-23 13:33:40 - INFO - Fetched 100 rows (Total so far: 3200)
2025-08-23 13:33:40 - INFO - Fetched 100 rows (Total so far: 3300)
2025-08-23 13:33:41 - INFO - Fetched 100 rows (Total so far: 3400)
2025-08-23 13:33:41 - INFO - Fetched 100 rows (Total so far: 3500)
2025-08-23 13:33:41 - INFO - Fetched 100 rows (Total so far: 3600)
2025-08-23 13:33:42 - INFO - Fetched 100 rows (Total so far: 3700)
2025-08-23 13:33:42 - INFO - Fetched 100 rows (Total so far: 3800)
2025-08-23 13:33:43 - INFO - Fetched 100 rows (Total so far: 3900)
2025-08-23 13:33:43 - INFO - Fetched 100 rows (Total so far: 4000)
2025-08-23 13:33:44 - INFO - Fetched 100 rows (Total so far: 4100)
2025-08-23 13:33:45 - INFO - Fetched 100 rows (Total so far: 4200)
2025-08-23 13:33:45 - INFO - Fetched 25 rows (Total so far: 4225)
2025-08-23 13:33:45 - INFO - No more rows to fetch.
2025-08-23 13:33:46 - INFO - Saved 4225 rows to 'C:\Users\adity\Mtech\DMML\DMML_Assignment\customer_churn_pipeline\data\raw_data_from_API\telco_customer_churn.csv'
