2025-08-22 11:56:01,698 - INFO - \U0001f50d Starting data preparation...
2025-08-22 11:56:01,724 - INFO - \u2705 Loaded dataset with 4225 rows and 52 columns
2025-08-22 11:56:01,741 - INFO - \u2705 Data cleaned. New shape: (4225, 52)
2025-08-22 12:00:06,100 - INFO - \U0001f50d Starting data preparation...
2025-08-22 12:00:06,124 - INFO - Loaded dataset with 4225 rows and 52 columns
2025-08-22 12:00:06,133 - INFO - Data cleaned. New shape: (4225, 52)
2025-08-22 12:02:08,860 - INFO - \U0001f50d Starting data preparation...
2025-08-22 12:02:08,882 - INFO - Loaded dataset with 4225 rows and 52 columns
2025-08-22 12:02:08,890 - INFO - Data cleaned. New shape: (4225, 52)
2025-08-22 12:02:08,921 - INFO - Cleaned data saved to: C:\Users\adity\Mtech\DMML\DMML_Assignment\customer_churn_pipeline\data\processed\2025-08-22\customer_churn_cleaned.csv
2025-08-22 21:56:22,622 - INFO - Starting data preparation...
2025-08-22 21:56:22,645 - INFO - Loaded dataset with 4225 rows and 52 columns
2025-08-22 21:56:22,645 - INFO - Cleaning data...
2025-08-22 21:56:22,656 - INFO - Duplicates removed if any. New shape: (4225, 52)
2025-08-22 21:56:22,657 - INFO - Rows with all nulls removed. New shape: (4225, 52)
2025-08-22 21:56:22,657 - INFO - Data cleaned. New shape: (4225, 52)
2025-08-22 21:56:22,690 - INFO - Cleaned data saved to: C:\Users\adity\Mtech\DMML\DMML_Assignment\customer_churn_pipeline\data\processed\2025-08-22\customer_churn_cleaned.csv
2025-08-22 22:13:27,636 - INFO - Starting data preparation...
2025-08-22 22:13:27,660 - INFO - Loaded dataset with 4225 rows and 52 columns
2025-08-22 22:13:27,660 - INFO - Cleaning data...
2025-08-22 22:13:27,665 - INFO - Duplicates removed if any. New shape: (4225, 52)
2025-08-22 22:13:27,665 - INFO - Data cleaned. New shape: (4225, 52)
2025-08-22 22:13:27,697 - INFO - Cleaned data saved to: C:\Users\adity\Mtech\DMML\DMML_Assignment\customer_churn_pipeline\data\processed\2025-08-22\customer_churn_cleaned.csv
2025-08-22 23:26:04,514 - INFO - Starting data preparation...
2025-08-22 23:26:04,537 - INFO - Loaded dataset with 4225 rows and 52 columns
2025-08-22 23:26:04,537 - INFO - Cleaning data...
2025-08-22 23:26:04,544 - INFO - Duplicates removed if any. New shape: (4225, 52)
2025-08-22 23:26:04,544 - INFO - Data cleaned. New shape: (4225, 52)
2025-08-22 23:26:04,589 - INFO - Cleaned data saved to: C:\Users\adity\Mtech\DMML\DMML_Assignment\customer_churn_pipeline\data\processed\2025-08-22\customer_churn_cleaned.csv
2025-08-22 23:30:47,914 - INFO - Starting data preparation...
2025-08-22 23:30:47,939 - INFO - Loaded dataset with 4225 rows and 52 columns
2025-08-22 23:30:47,940 - INFO - Cleaning data...
2025-08-22 23:30:47,948 - INFO - Duplicates removed if any. New shape: (4225, 52)
2025-08-22 23:30:47,949 - INFO - Data cleaned. New shape: (4225, 52)
2025-08-22 23:30:47,983 - INFO - Cleaned data saved to: C:\Users\adity\Mtech\DMML\DMML_Assignment\customer_churn_pipeline\data\processed\2025-08-22\customer_churn_cleaned.csv
2025-08-22 23:38:53,929 - INFO - Starting data preparation...
2025-08-22 23:38:53,950 - INFO - Loaded dataset with 4225 rows and 52 columns
2025-08-22 23:38:53,950 - INFO - Cleaning data...
2025-08-22 23:38:53,956 - INFO - Duplicates removed if any. New shape: (4225, 52)
2025-08-22 23:38:53,956 - INFO - Data cleaned. New shape: (4225, 52)
2025-08-22 23:38:53,990 - INFO - Cleaned data saved to: C:\Users\adity\Mtech\DMML\DMML_Assignment\customer_churn_pipeline\data\processed\2025-08-22\customer_churn_cleaned.csv
2025-08-23 00:10:25,363 - INFO - Starting data preparation...
2025-08-23 00:10:25,380 - INFO - Loaded dataset with 3600 rows and 52 columns
2025-08-23 00:10:25,380 - INFO - Cleaning data...
2025-08-23 00:10:25,390 - INFO - Duplicates removed if any. New shape: (3600, 52)
2025-08-23 00:10:25,390 - INFO - Data cleaned. New shape: (3600, 52)
2025-08-23 00:10:25,441 - INFO - Cleaned data saved to: C:\Users\adity\Mtech\DMML\DMML_Assignment\customer_churn_pipeline\data\processed\2025-08-23\customer_churn_cleaned.csv
2025-08-23 00:13:18,121 - INFO - Starting data preparation...
2025-08-23 00:13:18,136 - INFO - Loaded dataset with 3600 rows and 52 columns
2025-08-23 00:13:18,136 - INFO - Cleaning data...
2025-08-23 00:13:18,142 - INFO - Duplicates removed if any. New shape: (3600, 52)
2025-08-23 00:13:18,142 - INFO - Data cleaned. New shape: (3600, 52)
2025-08-23 00:13:18,169 - INFO - Cleaned data saved to: C:\Users\adity\Mtech\DMML\DMML_Assignment\customer_churn_pipeline\data\processed\2025-08-23\customer_churn_cleaned.csv
2025-08-23 13:29:47,335 - INFO - Starting data preparation...
2025-08-23 13:29:47,364 - INFO - Loaded dataset with 4225 rows and 52 columns
2025-08-23 13:29:47,364 - INFO - Cleaning data...
2025-08-23 13:29:47,377 - INFO - Duplicates removed if any. New shape: (4225, 52)
2025-08-23 13:29:47,377 - INFO - Data cleaned. New shape: (4225, 52)
2025-08-23 13:29:47,415 - INFO - Cleaned data saved to: C:\Users\adity\Mtech\DMML\DMML_Assignment\customer_churn_pipeline\data\processed\2025-08-23\customer_churn_cleaned.csv
2025-08-23 13:34:02,996 - INFO - Starting data preparation...
2025-08-23 13:34:03,053 - INFO - Loaded dataset with 4225 rows and 52 columns
2025-08-23 13:34:03,054 - INFO - Cleaning data...
2025-08-23 13:34:03,071 - INFO - Duplicates removed if any. New shape: (4225, 52)
2025-08-23 13:34:03,071 - INFO - Data cleaned. New shape: (4225, 52)
2025-08-23 13:34:03,117 - INFO - Cleaned data saved to: C:\Users\adity\Mtech\DMML\DMML_Assignment\customer_churn_pipeline\data\processed\2025-08-23\customer_churn_cleaned.csv
2025-08-24 09:42:18,638 - INFO - Starting data preparation...
2025-08-24 09:42:18,705 - INFO - Loaded dataset with 4225 rows and 52 columns
2025-08-24 09:42:18,705 - INFO - Cleaning data...
2025-08-24 09:42:18,732 - INFO - Duplicates removed if any. New shape: (4225, 52)
2025-08-24 09:42:18,732 - INFO - Data cleaned. New shape: (4225, 52)
2025-08-24 09:42:18,827 - INFO - Cleaned data saved to: C:\Users\adity\Mtech\DMML\DMML_Assignment\customer_churn_pipeline\data\processed\2025-08-24\customer_churn_cleaned.csv
2025-08-24 10:11:28,937 - INFO - Starting data preparation...
2025-08-24 10:11:28,964 - INFO - Loaded dataset with 4225 rows and 52 columns
2025-08-24 10:11:28,964 - INFO - Cleaning data...
2025-08-24 10:11:28,971 - INFO - Duplicates removed if any. New shape: (4225, 52)
2025-08-24 10:11:28,971 - INFO - Data cleaned. New shape: (4225, 52)
2025-08-24 10:11:29,016 - INFO - Cleaned data saved to: C:\Users\adity\Mtech\DMML\DMML_Assignment\customer_churn_pipeline\data\processed\2025-08-24\customer_churn_cleaned.csv
2025-08-24 10:21:31,361 - INFO - Starting data preparation...
2025-08-24 10:21:31,387 - INFO - Loaded dataset with 4225 rows and 52 columns
2025-08-24 10:21:31,387 - INFO - Cleaning data...
2025-08-24 10:21:31,398 - INFO - Duplicates removed if any. New shape: (4225, 52)
2025-08-24 10:21:31,398 - INFO - Data cleaned. New shape: (4225, 52)
2025-08-24 10:21:31,442 - INFO - Cleaned data saved to: C:\Users\adity\Mtech\DMML\DMML_Assignment\customer_churn_pipeline\data\processed\2025-08-24\customer_churn_cleaned.csv
2025-08-24 10:31:13,541 - INFO - Starting data preparation...
2025-08-24 10:31:13,560 - INFO - Loaded dataset with 4225 rows and 52 columns
2025-08-24 10:31:13,560 - INFO - Cleaning data...
2025-08-24 10:31:13,565 - INFO - Duplicates removed if any. New shape: (4225, 52)
2025-08-24 10:31:13,565 - INFO - Data cleaned. New shape: (4225, 52)
2025-08-24 10:31:13,595 - INFO - Cleaned data saved to: C:\Users\adity\Mtech\DMML\DMML_Assignment\customer_churn_pipeline\data\processed\2025-08-24\customer_churn_cleaned.csv
2025-08-24 10:36:16,239 - INFO - Starting data preparation...
2025-08-24 10:36:16,261 - INFO - Loaded dataset with 4000 rows and 52 columns
2025-08-24 10:36:16,261 - INFO - Cleaning data...
2025-08-24 10:36:16,266 - INFO - Duplicates removed if any. New shape: (4000, 52)
2025-08-24 10:36:16,266 - INFO - Data cleaned. New shape: (4000, 52)
2025-08-24 10:36:16,298 - INFO - Cleaned data saved to: C:\Users\adity\Mtech\DMML\DMML_Assignment\customer_churn_pipeline\data\processed\2025-08-24\customer_churn_cleaned.csv
2025-08-24 10:48:50,114 - INFO - Starting data preparation...
2025-08-24 10:48:50,136 - INFO - Loaded dataset with 4225 rows and 52 columns
2025-08-24 10:48:50,136 - INFO - Cleaning data...
2025-08-24 10:48:50,143 - INFO - Duplicates removed if any. New shape: (4225, 52)
2025-08-24 10:48:50,143 - INFO - Data cleaned. New shape: (4225, 52)
2025-08-24 10:48:50,173 - INFO - Cleaned data saved to: C:\Users\adity\Mtech\DMML\DMML_Assignment\customer_churn_pipeline\data\processed\2025-08-24\customer_churn_cleaned.csv
2025-08-24 12:00:56,689 - INFO - Starting data preparation...
2025-08-24 12:00:56,718 - INFO - Loaded dataset with 4225 rows and 52 columns
2025-08-24 12:00:56,718 - INFO - Cleaning data...
2025-08-24 12:00:56,730 - INFO - Duplicates removed if any. New shape: (4225, 52)
2025-08-24 12:00:56,730 - INFO - Data cleaned. New shape: (4225, 52)
2025-08-24 12:00:56,771 - INFO - Cleaned data saved to: C:\Users\adity\Mtech\DMML\DMML_Assignment\customer_churn_pipeline\data\processed\2025-08-24\customer_churn_cleaned.csv
