2025-08-23 15:27:31,961 - INFO - Storing features...
2025-08-23 15:27:31,962 - ERROR - No CSV file found at expected location: C:\Users\adity\Mtech\DMML\DMML_Assignment\customer_churn_pipeline\data\transformed\2025-08-23\customer_churn_cleaned.csv
2025-08-23 15:28:54,029 - INFO - Storing features...
2025-08-23 15:36:13,594 - INFO - Storing features...
2025-08-23 15:40:25,186 - INFO - Storing features...
2025-08-23 16:16:45,406 - INFO - Storing features...
2025-08-23 16:38:52,208 - INFO - Storing features...
2025-08-23 16:38:52,295 - INFO - Saving feature metadata to: C:\Users\adity\Mtech\DMML\DMML_Assignment\customer_churn_pipeline\data\feature_metadata\2025-08-23_customer_churn_transformed.csv
2025-08-23 16:38:52,303 - INFO - Features stored to: C:\Users\adity\Mtech\DMML\DMML_Assignment\customer_churn_pipeline\data\processed\feature_store.csv
2025-08-23 16:42:19,987 - INFO - Storing features...
2025-08-23 16:42:20,069 - INFO - Saving feature metadata to: C:\Users\adity\Mtech\DMML\DMML_Assignment\customer_churn_pipeline\data\feature_metadata\2025-08-23_customer_churn_feature.csv
2025-08-23 16:42:20,077 - INFO - Features stored to: C:\Users\adity\Mtech\DMML\DMML_Assignment\customer_churn_pipeline\data\processed\feature_store.csv
2025-08-23 17:02:04,196 - INFO - Storing features...
2025-08-23 17:02:04,284 - INFO - Saving feature metadata to: C:\Users\adity\Mtech\DMML\DMML_Assignment\customer_churn_pipeline\data\feature_metadata\2025-08-23_customer_churn_feature.csv
2025-08-23 17:02:04,288 - INFO - Features stored to: C:\Users\adity\Mtech\DMML\DMML_Assignment\customer_churn_pipeline\data\processed\feature_store.csv
2025-08-24 09:16:46,884 - INFO - Storing features...
2025-08-24 09:16:46,935 - INFO - Saving feature metadata to: C:\Users\adity\Mtech\DMML\DMML_Assignment\customer_churn_pipeline\data\feature_metadata\2025-08-23_customer_churn_feature.csv
2025-08-24 09:16:46,938 - INFO - Features stored to: C:\Users\adity\Mtech\DMML\DMML_Assignment\customer_churn_pipeline\data\processed\feature_store.csv
2025-08-24 09:18:08,421 - INFO - Storing features...
2025-08-24 09:18:08,457 - INFO - Saving feature metadata to: C:\Users\adity\Mtech\DMML\DMML_Assignment\customer_churn_pipeline\data\feature_metadata\2025-08-23_customer_churn_feature.csv
2025-08-24 09:18:08,461 - INFO - Features stored to: C:\Users\adity\Mtech\DMML\DMML_Assignment\customer_churn_pipeline\data\processed\feature_store.csv
2025-08-24 09:42:32,788 - INFO - Storing features...
2025-08-24 09:42:32,858 - INFO - Saving feature metadata to: C:\Users\adity\Mtech\DMML\DMML_Assignment\customer_churn_pipeline\data\feature_metadata\2025-08-24_customer_churn_feature.csv
2025-08-24 09:42:32,864 - INFO - Features stored to: C:\Users\adity\Mtech\DMML\DMML_Assignment\customer_churn_pipeline\data\processed\feature_store.csv
2025-08-24 10:11:41,761 - INFO - Storing features...
2025-08-24 10:11:41,823 - INFO - Saving feature metadata to: C:\Users\adity\Mtech\DMML\DMML_Assignment\customer_churn_pipeline\data\feature_metadata\2025-08-24_customer_churn_feature.csv
2025-08-24 10:11:41,828 - INFO - Features stored to: C:\Users\adity\Mtech\DMML\DMML_Assignment\customer_churn_pipeline\data\processed\feature_store.csv
2025-08-24 10:21:43,500 - INFO - Storing features...
2025-08-24 10:21:43,535 - INFO - Saving feature metadata to: C:\Users\adity\Mtech\DMML\DMML_Assignment\customer_churn_pipeline\data\feature_metadata\2025-08-24_customer_churn_feature.csv
2025-08-24 10:21:43,539 - INFO - Features stored to: C:\Users\adity\Mtech\DMML\DMML_Assignment\customer_churn_pipeline\data\processed\feature_store.csv
2025-08-24 10:31:21,904 - INFO - Storing features...
2025-08-24 10:31:21,926 - INFO - Saving feature metadata to: C:\Users\adity\Mtech\DMML\DMML_Assignment\customer_churn_pipeline\data\feature_metadata\2025-08-24_customer_churn_feature.csv
2025-08-24 10:31:21,928 - INFO - Features stored to: C:\Users\adity\Mtech\DMML\DMML_Assignment\customer_churn_pipeline\data\processed\feature_store.csv
2025-08-24 10:36:24,828 - INFO - Storing features...
2025-08-24 10:36:24,849 - INFO - Saving feature metadata to: C:\Users\adity\Mtech\DMML\DMML_Assignment\customer_churn_pipeline\data\feature_metadata\2025-08-24_customer_churn_feature.csv
2025-08-24 10:36:24,851 - INFO - Features stored to: C:\Users\adity\Mtech\DMML\DMML_Assignment\customer_churn_pipeline\data\processed\feature_store.csv
2025-08-24 10:48:58,166 - INFO - Storing features...
2025-08-24 10:48:58,189 - INFO - Saving feature metadata to: C:\Users\adity\Mtech\DMML\DMML_Assignment\customer_churn_pipeline\data\feature_metadata\2025-08-24_customer_churn_feature.csv
2025-08-24 10:48:58,191 - INFO - Features stored to: C:\Users\adity\Mtech\DMML\DMML_Assignment\customer_churn_pipeline\data\processed\feature_store.csv
2025-08-24 12:01:08,341 - INFO - Storing features...
2025-08-24 12:01:08,378 - INFO - Saving feature metadata to: C:\Users\adity\Mtech\DMML\DMML_Assignment\customer_churn_pipeline\data\feature_metadata\2025-08-24_customer_churn_feature.csv
2025-08-24 12:01:08,382 - INFO - Features stored to: C:\Users\adity\Mtech\DMML\DMML_Assignment\customer_churn_pipeline\data\processed\feature_store.csv
