2025-08-23 13:30:01 - INFO - Started model training for Logistic Regression and Random Forest
2025-08-23 13:34:17 - INFO - Started model training for Logistic Regression and Random Forest
2025-08-23 13:34:19 - INFO - Training RandomForest...
2025-08-23 13:34:29 - INFO - RandomForest model saved to randomforest_churn_model.pkl
2025-08-23 13:34:29 - INFO - Training LogisticRegression...
2025-08-23 13:34:34 - INFO - LogisticRegression model saved to logisticregression_churn_model.pkl
2025-08-24 09:42:38 - INFO - Started model training for Logistic Regression and Random Forest
2025-08-24 09:42:41 - INFO - Training RandomForest...
2025-08-24 09:42:54 - INFO - RandomForest model saved to randomforest_churn_model.pkl
2025-08-24 09:42:54 - INFO - Training LogisticRegression...
2025-08-24 09:43:01 - INFO - LogisticRegression model saved to logisticregression_churn_model.pkl
2025-08-24 10:11:46 - INFO - Started model training for Logistic Regression and Random Forest
2025-08-24 10:11:49 - INFO - Training RandomForest...
2025-08-24 10:11:59 - INFO - RandomForest model saved to randomforest_churn_model.pkl
2025-08-24 10:11:59 - INFO - Training LogisticRegression...
2025-08-24 10:12:04 - INFO - LogisticRegression model saved to logisticregression_churn_model.pkl
2025-08-24 10:21:47 - INFO - Started model training for Logistic Regression and Random Forest
2025-08-24 10:21:49 - INFO - Training RandomForest...
2025-08-24 10:21:58 - INFO - RandomForest model saved to randomforest_churn_model.pkl
2025-08-24 10:21:58 - INFO - Training LogisticRegression...
2025-08-24 10:22:02 - INFO - LogisticRegression model saved to logisticregression_churn_model.pkl
2025-08-24 10:31:23 - INFO - Started model training for Logistic Regression and Random Forest
2025-08-24 10:31:26 - INFO - Training RandomForest...
2025-08-24 10:31:30 - INFO - RandomForest model saved to randomforest_churn_model.pkl
2025-08-24 10:31:30 - INFO - Training LogisticRegression...
2025-08-24 10:31:33 - INFO - LogisticRegression model saved to logisticregression_churn_model.pkl
2025-08-24 10:36:27 - INFO - Started model training for Logistic Regression and Random Forest
2025-08-24 10:36:29 - INFO - Training RandomForest...
2025-08-24 10:36:33 - INFO - RandomForest model saved to randomforest_churn_model.pkl
2025-08-24 10:36:33 - INFO - Training LogisticRegression...
2025-08-24 10:36:36 - INFO - LogisticRegression model saved to logisticregression_churn_model.pkl
2025-08-24 10:49:00 - INFO - Started model training for Logistic Regression and Random Forest
2025-08-24 10:49:02 - INFO - Training RandomForest...
2025-08-24 10:49:06 - INFO - Training LogisticRegression...
2025-08-24 12:01:12 - INFO - Started model training for Logistic Regression and Random Forest
2025-08-24 12:01:15 - INFO - Training RandomForest...
2025-08-24 12:01:22 - INFO - Training LogisticRegression...
