2025-08-22 22:53:41 - INFO - Started model training for Logistic Regression and Random Forest
2025-08-22 22:53:43 - INFO - Training RandomForest...
2025-08-22 22:53:47 - INFO - \u2705 RandomForest model saved to randomforest_churn_model.pkl
2025-08-22 22:53:47 - INFO - Training LogisticRegression...
2025-08-22 22:53:50 - INFO - \u2705 LogisticRegression model saved to logisticregression_churn_model.pkl
2025-08-22 23:26:18 - INFO - Started model training for Logistic Regression and Random Forest
2025-08-22 23:26:20 - INFO - Training RandomForest...
2025-08-22 23:30:59 - INFO - Started model training for Logistic Regression and Random Forest
2025-08-22 23:31:01 - INFO - Training RandomForest...
2025-08-22 23:31:06 - INFO - RandomForest model saved to randomforest_churn_model.pkl
2025-08-22 23:39:05 - INFO - Started model training for Logistic Regression and Random Forest
2025-08-22 23:39:07 - INFO - Training RandomForest...
2025-08-22 23:39:12 - INFO - RandomForest model saved to randomforest_churn_model.pkl
2025-08-22 23:41:29 - INFO - Started model training for Logistic Regression and Random Forest
2025-08-22 23:41:31 - INFO - Training RandomForest...
2025-08-22 23:41:36 - INFO - RandomForest model saved to randomforest_churn_model.pkl
2025-08-22 23:41:36 - INFO - Training LogisticRegression...
2025-08-22 23:41:38 - INFO - LogisticRegression model saved to logisticregression_churn_model.pkl
2025-08-22 23:44:17 - INFO - Started model training for Logistic Regression and Random Forest
2025-08-22 23:44:19 - INFO - Training RandomForest...
2025-08-22 23:44:23 - INFO - RandomForest model saved to randomforest_churn_model.pkl
2025-08-22 23:44:24 - INFO - Training LogisticRegression...
2025-08-22 23:44:26 - INFO - LogisticRegression model saved to logisticregression_churn_model.pkl
2025-08-22 23:47:57 - INFO - Started model training for Logistic Regression and Random Forest
2025-08-22 23:47:59 - INFO - Training RandomForest...
2025-08-22 23:48:03 - INFO - RandomForest model saved to randomforest_churn_model.pkl
2025-08-22 23:48:03 - INFO - Training LogisticRegression...
2025-08-22 23:48:06 - INFO - LogisticRegression model saved to logisticregression_churn_model.pkl
2025-08-23 00:13:26 - INFO - Started model training for Logistic Regression and Random Forest
2025-08-23 00:13:31 - WARNING - Retrying (Retry(total=6, connect=6, read=7, redirect=7, status=7)) after connection broken by 'NewConnectionError('<urllib3.connection.HTTPConnection object at 0x00000235C38370E0>: Failed to establish a new connection: [WinError 10061] No connection could be made because the target machine actively refused it')': /api/2.0/mlflow/experiments/get-by-name?experiment_name=CHURN_PREDICTION_EXPERIMENT
2025-08-23 00:13:39 - WARNING - Retrying (Retry(total=5, connect=5, read=7, redirect=7, status=7)) after connection broken by 'NewConnectionError('<urllib3.connection.HTTPConnection object at 0x00000235C31C0550>: Failed to establish a new connection: [WinError 10061] No connection could be made because the target machine actively refused it')': /api/2.0/mlflow/experiments/get-by-name?experiment_name=CHURN_PREDICTION_EXPERIMENT
2025-08-23 00:13:52 - WARNING - Retrying (Retry(total=4, connect=4, read=7, redirect=7, status=7)) after connection broken by 'NewConnectionError('<urllib3.connection.HTTPConnection object at 0x00000235C31C07D0>: Failed to establish a new connection: [WinError 10061] No connection could be made because the target machine actively refused it')': /api/2.0/mlflow/experiments/get-by-name?experiment_name=CHURN_PREDICTION_EXPERIMENT
2025-08-23 00:14:12 - WARNING - Retrying (Retry(total=3, connect=3, read=7, redirect=7, status=7)) after connection broken by 'NewConnectionError('<urllib3.connection.HTTPConnection object at 0x00000235C31C8050>: Failed to establish a new connection: [WinError 10061] No connection could be made because the target machine actively refused it')': /api/2.0/mlflow/experiments/get-by-name?experiment_name=CHURN_PREDICTION_EXPERIMENT
2025-08-23 00:14:49 - WARNING - Retrying (Retry(total=2, connect=2, read=7, redirect=7, status=7)) after connection broken by 'NewConnectionError('<urllib3.connection.HTTPConnection object at 0x00000235C31C8640>: Failed to establish a new connection: [WinError 10061] No connection could be made because the target machine actively refused it')': /api/2.0/mlflow/experiments/get-by-name?experiment_name=CHURN_PREDICTION_EXPERIMENT
2025-08-23 00:15:57 - WARNING - Retrying (Retry(total=1, connect=1, read=7, redirect=7, status=7)) after connection broken by 'NewConnectionError('<urllib3.connection.HTTPConnection object at 0x00000235C319D010>: Failed to establish a new connection: [WinError 10061] No connection could be made because the target machine actively refused it')': /api/2.0/mlflow/experiments/get-by-name?experiment_name=CHURN_PREDICTION_EXPERIMENT
2025-08-23 00:18:01 - WARNING - Retrying (Retry(total=0, connect=0, read=7, redirect=7, status=7)) after connection broken by 'NewConnectionError('<urllib3.connection.HTTPConnection object at 0x00000235C39105A0>: Failed to establish a new connection: [WinError 10061] No connection could be made because the target machine actively refused it')': /api/2.0/mlflow/experiments/get-by-name?experiment_name=CHURN_PREDICTION_EXPERIMENT
